41
81
121
161
201
241
281
321
361
401
441
481
521
561
601
641
681
721
761
801
841
881
921
961
1001
1041
1081
1121
1161
1201
1241
1281
1321
1361
1401
1441
1481
1521
1561
1601
1641
1681
1721
1761
1801
1841
1881
1921
1961
2001
2041
2081
2121
2161
2201
2241
2281
2321
2361
2401
2441
2481
2521
2561
2601
2641
2681
2721
2761
2801
2841
2881
2921
2961
3001
3041
3081
3121
3161
3201
3241
3281
3321
3361
3401
3441
3481
3521
3561
3601
3641
3681
3721
3761
3801
3841
3881
3921
3961
4001
4041
4081
4121
4161
4201
4241
4281
4321
4361
4401
4441
4481
4521
4561
4601
4641
4681
4721
4761
4801
4841
4881
4921
4961
5001
5041
5081
5121
5161
5201
5241
5281
5321
5361
5401
5441
5481
5521
5561
5601
5641
5681
5721
5761
5801
5841
5881
5921
5961
6001
6041
6081
6121
6161
6201
6241
6281
6321
6361
6401
6441
6481
6521
6561
6601
6641
6681
6721
6761
6801
6841
6881
6921
6961
7001
7041
7081
7121
7161
7201
7241
7281
7321
7361
7401
7441
7481
7521
7561
7601
7641
7681
7721
7761
7801
7841
7881
7921
7961
8001
8041
8081
8121
8161
8201
8241
8281
8321
8361
8401
8441
8481
8521
8561
8601
8641
8681
8721
8761
8801
8841
8881
8921
8961
9001
9041
9081
9121
9161
9201
9241
9281
9321
9361
9401
9441
9481
9521
9561
9601
9641
9681
9721
9761
9801
9841
9881
9921
9961
10001
10041
10081
10121
10161
10201
10241
10281
10321
10361
10401
10441
10481
10521
10561
10601
10641
10681
10721
10761
10801
10841
10881
10921
10961
11001
11041
11081
11121
11161
11201
11241
11281
11321
11361
11401
11441
11481
11521
11561
11601
11641
11681
11721
11761
11801
11841
11881
11921
11961
12001
12041
12081
12121
12161
12201
12241
12281
12321
12361
12401
12441
12481
12521
12561
12601
12641
12681
12721
12761
12801
12841
12881
12921
12961
13001
13041
13081
13121
13161
13201
13241
13281
13321
13361
13401
13441
13481
13521
13561
13601
13641
13681
13721
13761
13801
13841
13881
13921
13961
14001
14041
14081
14121
14161
14201
14241
14281
14321
14361
14401
14441
14481
14521
14561
14601
14641
14681
14721
14761
14801
14841
14881
14921
14961
15001
15041
15081
15121
15161
15201
15241
15281
15321
15361
15401
15441
15481
15521
15561
15601
15641
15681
15721
15761
15801
15841
15881
15921
15961
16001
16041
16081
16121
16161
16201
16241
16281
16321
16361
16401
16441
16481
16521
16561
16601
16641
16681
16721
16761
16801
16841
16881
16921
16961
17001
17041
17081
17121
17161
17201
17241
17281
17321
17361
17401
17441
17481
17521
17561
17601
17641
17681
17721
17761
17801
17841
17881
17921
17961
18001
18041
18081
18121
18161
18201
18241
18281
18321
18361
18401
18441
18481
18521
18561
18601
18641
18681
18721
18761
18801
18841
18881
18921
18961
19001
19041
19081
19121
19161
19201
19241
19281
19321
19361
19401
19441
19481
19521
19561
19601
19641
19681
19721
19761
19801
19841
19881
19921
19961
20001
20041
20081
20121
20161
20201
20241
20281
20321
20361
20401
20441
20481
20521
20561
20601
20641
20681
20721
20761
20801
20841
20881
20921
20961
21001
21041
21081
21121
21161
21201
21241
21281
21321
21361
21401
21441
21481
21521
21561
21601
21641
21681
21721
21761
21801
21841
21881
21921
21961
22001
22041
22081
22121
22161
22201
22241
22281
22321
22361
22401
22441
22481
22521
22561
22601
22641
22681
22721
22761
22801
22841
22881
22921
22961
23001
23041
23081
23121
23161
23201
23241
23281
23321
23361
23401
23441
23481
23521
23561
23601
23641
23681
23721
23761
23801
23841
23881
23921
23961
24001
24041
24081
24121
24161
24201
24241
24281
24321
24361
24401
24441
24481
24521
24561
24601
24641
24681
24721
24761
24801
24841
24881
24921
24961
25001
25041
25081
25121
25161
25201
25241
25281
25321
25361
25401
25441
25481
25521
25561
25601
25641
25681
25721
25761
25801
25841
25881
25921
25961
26001
26041
26081
26121
26161
26201
26241
26281
26321
26361
26401
26441
26481
26521
26561
26601
26641
26681
26721
26761
26801
26841
26881
26921
26961
27001
27041
27081
27121
27161
27201
27241
27281
27321
27361
27401
27441
27481
27521
27561
27601
27641
27681
27721
27761
27801
27841
27881
27921
27961
28001
28041
28081
28121
28161
28201
28241
28281
28321
28361
28401
28441
28481
28521
28561
28601
28641
28681
28721
28761
28801
28841
28881
28921
28961
29001
29041
29081
29121
29161
29201
29241
29281
29321
29361
29401
29441
29481
29521
29561
29601
29641
29681
29721
29761
29801
29841
29881
29921
29961
30001
30041
30081
30121
30161
30201
30241
30281
30321
30361
30401
30441
30481
30521
30561
30601
30641
30681
30721
30761
30801
30841
30881
30921
30961
31001
31041
31081
31121
31161
31201
31241
31281
31321
31361
31401
31441
31481
31521
31561
31601
31641
31681
31721
31761
31801
31841
31881
31921
31961
32001
32041
32081
32121
32161
32201
32241
32281
32321
32361
32401
32441
32481
32521
32561
32601
32641
32681
32721
32761
32801
32841
32881
32921
32961
33001
33041
33081
33121
33161
33201
33241
33281
33321
33361
33401
33441
33481
33521
33561
33601
33641
33681
33721
33761
33801
33841
33881
33921
33961
34001
34041
34081
34121
34161
34201
34241
34281
34321
34361
34401
34441
34481
34521
34561
34601
34641
34681
34721
34761
34801
34841
34881
34921
34961
35001
35041
35081
35121
35161
35201
35241
35281
35321
35361
35401
35441
35481
35521
35561
35601
35641
35681
35721
35761
35801
35841
35881
35921
35961
36001
36041
36081
36121
36161
36201
36241
36281
36321
36361
36401
36441
36481
36521
36561
36601
36641
36681
36721
36761
36801
36841
36881
36921
36961
37001
37041
37081
37121
37161
37201
37241
37281
37321
37361
37401
37441
37481
37521
37561
37601
37641
37681
37721
37761
37801
37841
37881
37921
37961
38001
38041
38081
38121
38161
38201
38241
38281
38321
38361
38401
38441
38481
38521
38561
38601
38641
38681
38721
38761
38801
38841
38881
38921
38961
39001
39041
39081
39121
39161
39201
39241
39281
39321
39361
39401
39441
39481
39521
39561
39601
39641
39681
39721
39761
39801
39841
39881
39921
39961
40001
40041
40081
40121
40161
40201
40241
40281
40321
40361
40401
40441
40481
40521
40561
40601
40641
40681
40721
40761
40801
40841
40881
40921
40961
41001
41041
41081
41121
41161
41201
41241
41281
41321
41361
41401
41441
41481
41521
41561
41601
41641
41681
41721
41761
41801
41841
41881
41921
41961
42001
42041
42081
42121
42161
42201
42241
42281
42321
42361
42401
42441
42481
42521
42561
42601
42641
42681
42721
42761
42801
42841
42881
42921
42961
43001
43041
43081
43121
43161
43201
43241
43281
43321
43361
43401
43441
43481
43521
43561
43601
43641
43681
43721
43761
43801
43841
43881
43921
43961
44001
44041
44081
44121
44161
44201
44241
44281
44321
44361
44401
44441
44481
44521
44561
44601
44641
44681
44721
44761
44801
44841
44881
44921
44961
45001
45041
45081
45121
45161
45201
45241
45281
45321
45361
45401
45441
45481
45521
45561
45601
45641
45681
45721
45761
45801
45841
45881
45921
45961
46001
46041
46081
46121
46161
46201
46241
46281
46321
46361
46401
46441
46481
46521
46561
46601
46641
46681
46721
46761
46801
46841
46881
46921
46961
47001
47041
47081
47121
47161
47201
47241
47281
47321
47361
47401
47441
47481
47521
47561
47601
47641
47681
47721
47761
47801
47841
47881
47921
47961
48001
48041
48081
48121
48161
48201
48241
48281
48321
48361
48401
48441
48481
48521
48561
48601
48641
48681
48721
48761
48801
48841
48881
48921
48961
49001
49041
49081
49121
49161
49201
49241
49281
49321
49361
49401
49441
49481
49521
49561
49601
49641
49681
49721
49761
49801
49841
49881
49921
49961
50001
50041
50081
50121
50161
50201
50241
50281
50321
50361
50401
50441
50481
50521
50561
50601
50641
50681
50721
50761
50801
50841
50881
50921
50961
51001
51041
51081
51121
51161
51201
51241
51281
51321
51361
51401
51441
51481
51521
51561
51601
51641
51681
51721
51761
51801
51841
51881
51921
51961
52001
52041
52081
52121
52161
52201
52241
52281
52321
52361
52401
52441
52481
52521
52561
52601
52641
52681
52721
52761
52801
52841
52881
52921
52961
53001
53041
53081
53121
53161
53201
53241
53281
53321
53361
53401
53441
53481
53521
53561
53601
53641
53681
53721
53761
53801
53841
53881
53921
53961
54001
54041
54081
54121
54161
54201
54241
54281
54321
54361
54401
54441
54481
54521
54561
54601
54641
54681
54721
54761
54801
54841
54881
54921
54961
55001
55041
55081
55121
55161
55201
55241
55281
55321
55361
55401
55441
55481
55521
55561
55601
55641
55681
55721
55761
55801
55841
55881
55921
55961
56001
56041
56081
56121
56161
56201
56241
56281
56321
56361
56401
56441
56481
56521
56561
56601
56641
56681
56721
56761
56801
56841
56881
56921
56961
57001
57041
57081
57121
57161
57201
57241
57281
57321
57361
57401
57441
57481
57521
57561
57601
57641
57681
57721
57761
57801
57841
57881
57921
57961
58001
58041
58081
58121
58161
58201
58241
58281
58321
58361
58401
58441
58481
58521
58561
58601
58641
58681
58721
58761
58801
58841
58881
58921
58961
59001
59041
59081
59121
59161
59201
59241
59281
59321
59361
59401
59441
59481
59521
59561
59601
59641
59681
59721
59761
59801
59841
59881
59921
59961
60001
60041
60081
60121
60161
60201
60241
60281
60321
60361
60401
60441
60481
60521
60561
60601
60641
60681
60721
60761
60801
60841
60881
60921
60961
61001
61041
61081
61121
61161
61201
61241
61281
61321
61361
61401
61441
61481
61521
61561
61601
61641
61681
61721
61761
61801
61841
61881
61921
61961
62001
62041
62081
62121
62161
62201
62241
62281
62321
62361
62401
62441
62481
62521
62561
62601
62641
62681
62721
62761
62801
62841
62881
62921
62961
63001
63041
63081
63121
63161
63201
63241
63281
63321
63361
63401
63441
63481
63521
63561
63601
63641
63681
63721
63761
63801
63841
63881
63921
63961
64001
64041
64081
64121
64161
64201
64241
64281
64321
64361
64401
64441
64481
64521
64561
64601
64641
64681
64721
64761
64801
64841
64881
64921
64961
65001
65041
65081
65121
65161
65201
65241
65281
65321
65361
65401
65441
65481
65521
65561
65601
65641
65681
65721
65761
65801
65841
65881
65921
65961
66001
66041
66081
66121
66161
66201
66241
66281
66321
66361
66401
66441
66481
66521
66561
66601
66641
66681
66721
66761
66801
66841
66881
66921
66961
67001
67041
67081
67121
67161
67201
67241
67281
67321
67361
67401
67441
67481
67521
67561
67601
67641
67681
67721
67761
67801
67841
67881
67921
67961
68001
68041
68081
68121
68161
68201
68241
68281
68321
68361
68401
68441
68481
68521
68561
68601
68641
68681
68721
68761
68801
68841
68881
68921
68961
69001
69041
69081
69121
69161
69201
69241
69281
69321
69361
69401
69441
69481
69521
69561
69601
69641
69681
69721
69761
69801
69841
69881
69921
69961
70001
70041
70081
70121
70161
70201
70241
70281
70321
70361
70401
70441
70481
70521
70561
70601
70641
70681
70721
70761
70801
70841
70881
70921
70961
71001
71041
71081
71121
71161
71201
71241
71281
71321
71361
71401
71441
71481
71521
71561
71601
71641
71681
71721
71761
71801
71841
71881
71921
71961
72001
72041
72081
72121
72161
72201
72241
72281
72321
72361
72401
72441
72481
72521
72561
72601
72641
72681
72721
72761
72801
72841
72881
72921
72961
73001
73041
73081
73121
73161
73201
73241
73281
73321
73361
73401
73441
73481
73521
73561
73601
73641
73681
73721
73761
73801
73841
73881
73921
73961
74001
74041
74081
74121
74161
74201
74241
74281
74321
74361
74401
74441
74481
74521
74561
74601
74641
74681
74721
74761
74801
74841
74881
74921
74961
75001
75041
75081
75121
75161
75201
75241
75281
75321
75361
75401
75441
75481
75521
75561
75601
75641
75681
75721
75761
75801
75841
75881
75921
75961
76001
76041
76081
76121
76161
76201
76241
76281
76321
76361
76401
76441
76481
76521
76561
76601
76641
76681
76721
76761
76801
76841
76881
76921
76961
77001
77041
77081
77121
77161
77201
77241
77281
77321
77361
77401
77441
77481
77521
77561
77601
77641
77681
77721
77761
77801
77841
77881
77921
77961
78001
78041
78081
78121
78161
78201
78241
78281
78321
78361
78401
78441
78481
78521
78561
78601
78641
78681
78721
78761
78801
78841
78881
78921
78961
79001
79041
79081
79121
79161
79201
79241
79281
79321
79361
79401
79441
79481
79521
79561
79601
79641
79681
79721
79761
79801
79841
79881
79921
79961
80001
80041
80081
80121
80161
80201
80241
80281
80321
80361
80401
80441
80481
80521
80561
80601
80641
80681
80721
80761
80801
80841
80881
80921
80961
81001
81041
81081
81121
81161
81201
81241
81281
81321
81361
81401
81441
81481
81521
81561
81601
81641
81681
81721
81761
81801
81841
81881
81921
81961
82001
82041
82081
82121
82161
82201
82241
82281
82321
82361
82401
82441
82481
82521
82561
82601
82641
82681
82721
82761
82801
82841
82881
82921
82961
83001
83041
83081
83121
83161
83201
83241
83281
83321
83361
83401
83441
83481
83521
83561
83601
83641
83681
83721
83761
83801
83841
83881
83921
83961
84001
84041
84081
84121
84161
84201
84241
84281
84321
84361
84401
84441
84481
84521
84561
84601
84641
84681
84721
84761
84801
84841
84881
84921
84961
85001
85041
85081
85121
85161
85201
85241
85281
85321
85361
85401
85441
85481
85521
85561
85601
85641
85681
85721
85761
85801
85841
85881
85921
85961
86001
86041
86081
86121
86161
86201
86241
86281
86321
86361
86401
86441
86481
86521
86561
86601
86641
86681
86721
86761
86801
86841
86881
86921
86961
87001
87041
87081
87121
87161
87201
87241
87281
87321
87361
87401
87441
87481
87521
87561
87601
87641
87681
87721
87761
87801
87841
87881
87921
87961
88001
88041
88081
88121
88161
88201
88241
88281
88321
88361
88401
88441
88481
88521
88561
88601
88641
88681
88721
88761
88801
88841
88881
88921
88961
89001
89041
89081
89121
89161
89201
89241
89281
89321
89361
89401
89441
89481
89521
89561
89601
89641
89681
89721
89761
89801
89841
89881
89921
89961
90001
90041
90081
90121
90161
90201
90241
90281
90321
90361
90401
90441
90481
90521
90561
90601
90641
90681
90721
90761
90801
90841
90881
90921
90961
91001
91041
91081
91121
91161
91201
91241
91281
91321
91361
91401
91441
91481
91521
91561
91601
91641
91681
91721
91761
91801
91841
91881
91921
91961
92001
92041
92081
92121
92161
92201
92241
92281
92321
92361
92401
92441
92481
92521
92561
92601
92641
92681
92721
92761
92801
92841
92881
92921
92961
93001
93041
93081
93121
93161
93201
93241
93281
93321
93361
93401
93441
93481
93521
93561
93601
93641
93681
93721
93761
93801
93841
93881
93921
93961
94001
94041
94081
94121
94161
94201
94241
94281
94321
94361
94401
94441
94481
94521
94561
94601
94641
94681
94721
94761
94801
94841
94881
94921
94961
95001
95041
95081
95121
95161
95201
95241
95281
95321
95361
95401
95441
95481
95521
95561
95601
95641
95681
95721
95761
95801
95841
95881
95921
95961
96001
96041
96081
96121
96161
96201
96241
96281
96321
96361
96401
96441
96481
96521
96561
96601
96641
96681
96721
96761
96801
96841
96881
96921
96961
97001
97041
97081
97121
97161
97201
97241
97281
97321
97361
97401
97441
97481
97521
97561
97601
97641
97681
97721
97761
97801
97841
97881
97921
97961
98001
98041
98081
98121
98161
98201
98241
98281
98321
98361
98401
98441
98481
98521
98561
98601
98641
98681
98721
98761
98801
98841
98881
98921
98961
99001
99041
99081
99121
99161
99201
99241
99281
99321
99361
99401
99441
99481
99521
99561
99601
99641
99681
99721
99761
99801
99841
99881
99921
99961
100001
100041
100081
100121
100161
100201
100241
100281
100321
100361
100401
100441
100481
100521
100561
100601
100641
100681
100721
100761
100801
100841
100881
100921
100961
101001
101041
101081
101121
101161
101201
101241
101281
101321
101361
101401
101441
101481
101521
101561
101601
101641
101681
101721
101761
101801
101841
101881
101921
101961
102001
102041
102081
102121
102161
102201
102241
102281
102321
102361
102401
102441
102481
102521
102561
102601
102641
102681
102721
102761
102801
102841
102881
102921
102961
103001
103041
103081
103121
103161
103201
103241
103281
103321
103361
103401
103441
103481
103521
103561
103601
103641
103681
103721
103761
103801
103841
103881
103921
103961
104001
104041
104081
104121
104161
104201
104241
104281
104321
104361
104401
104441
104481
104521
104561
104601
104641
104681
104721
104761
104801
104841
104881
104921
104961
105001
105041
105081
105121
105161
105201
105241
105281
105321
105361
105401
105441
105481
105521
105561
105601
105641
105681
105721
105761
105801
105841
105881
105921
105961
106001
106041
106081
106121
106161
106201
106241
106281
106321
106361
106401
106441
106481
106521
106561
106601
106641
106681
106721
106761
106801
106841
106881
106921
106961
107001
107041
107081
107121
107161
107201
107241
107281
107321
107361
107401
107441
107481
107521
107561
107601
107641
107681
107721
107761
107801
107841
107881
107921
107961
108001
108041
108081
108121
108161
108201
108241
108281
108321
108361
108401
108441
108481
108521
108561
108601
108641
108681
108721
108761
108801
108841
108881
108921
108961
109001
109041
109081
109121
109161
109201
109241
109281
109321
109361
109401
109441
109481
109521